<?xml version="1.0" encoding="UTF-8"?>
<testng-results ignored="0" total="21" passed="9" failed="12" skipped="0">
  <reporter-output>
  </reporter-output>
  <suite started-at="2024-08-28T19:42:32 IST" name="Suite" finished-at="2024-08-28T19:46:52 IST" duration-ms="260156">
    <groups>
      <group name="sanity">
        <method signature="pharmacy_testcase.verifyTitleOfTheHomePage()[pri:1, instance:testcases.pharmacy_testcase@3b9d6699]" name="verifyTitleOfTheHomePage" class="testcases.pharmacy_testcase"/>
        <method signature="pharmacy_testcase.verifyPharmacyModule()[pri:2, instance:testcases.pharmacy_testcase@3b9d6699]" name="verifyPharmacyModule" class="testcases.pharmacy_testcase"/>
        <method signature="pharmacy_testcase.verifyPharmacySubModules()[pri:3, instance:testcases.pharmacy_testcase@3b9d6699]" name="verifyPharmacySubModules" class="testcases.pharmacy_testcase"/>
        <method signature="pharmacy_testcase.verifyElementsUnderOrderTab()[pri:4, instance:testcases.pharmacy_testcase@3b9d6699]" name="verifyElementsUnderOrderTab" class="testcases.pharmacy_testcase"/>
        <method signature="pharmacy_testcase.verifyNavigationToAnotherSubModuleAfterOpeningTheOrderSection()[pri:5, instance:testcases.pharmacy_testcase@3b9d6699]" name="verifyNavigationToAnotherSubModuleAfterOpeningTheOrderSection" class="testcases.pharmacy_testcase"/>
        <method signature="pharmacy_testcase.verifyErrorMessageOnPrintingGoodReceiptWithoutDetails()[pri:6, instance:testcases.pharmacy_testcase@3b9d6699]" name="verifyErrorMessageOnPrintingGoodReceiptWithoutDetails" class="testcases.pharmacy_testcase"/>
        <method signature="pharmacy_testcase.addNewGoodReceipt()[pri:7, instance:testcases.pharmacy_testcase@3b9d6699]" name="addNewGoodReceipt" class="testcases.pharmacy_testcase"/>
        <method signature="pharmacy_testcase.verifyAddedGoodReceipt()[pri:8, instance:testcases.pharmacy_testcase@3b9d6699]" name="verifyAddedGoodReceipt" class="testcases.pharmacy_testcase"/>
        <method signature="pharmacy_testcase.verifyDataIsAsPerAppliedDateFilter()[pri:9, instance:testcases.pharmacy_testcase@3b9d6699]" name="verifyDataIsAsPerAppliedDateFilter" class="testcases.pharmacy_testcase"/>
        <method signature="pharmacy_testcase.verifySearchResultDisplayedInTable()[pri:10, instance:testcases.pharmacy_testcase@3b9d6699]" name="verifySearchResultDisplayedInTable" class="testcases.pharmacy_testcase"/>
        <method signature="pharmacy_testcase.performScrollOperation()[pri:11, instance:testcases.pharmacy_testcase@3b9d6699]" name="performScrollOperation" class="testcases.pharmacy_testcase"/>
        <method signature="pharmacy_testcase.verifyToolTipText()[pri:12, instance:testcases.pharmacy_testcase@3b9d6699]" name="verifyToolTipText" class="testcases.pharmacy_testcase"/>
        <method signature="pharmacy_testcase.verifyRecordsAccordingToSelectedSupplier()[pri:13, instance:testcases.pharmacy_testcase@3b9d6699]" name="verifyRecordsAccordingToSelectedSupplier" class="testcases.pharmacy_testcase"/>
        <method signature="pharmacy_testcase.verifyUpdateOfExistingGoodReceipt()[pri:14, instance:testcases.pharmacy_testcase@3b9d6699]" name="verifyUpdateOfExistingGoodReceipt" class="testcases.pharmacy_testcase"/>
        <method signature="pharmacy_testcase.verifyGoodReceiptRadioButtonsAreSelectable()[pri:15, instance:testcases.pharmacy_testcase@3b9d6699]" name="verifyGoodReceiptRadioButtonsAreSelectable" class="testcases.pharmacy_testcase"/>
        <method signature="pharmacy_testcase.cancelRecordAndVerifyCancellation()[pri:16, instance:testcases.pharmacy_testcase@3b9d6699]" name="cancelRecordAndVerifyCancellation" class="testcases.pharmacy_testcase"/>
        <method signature="pharmacy_testcase.verifyPurchaseOrderDataAfterApplyingDateFilter()[pri:17, instance:testcases.pharmacy_testcase@3b9d6699]" name="verifyPurchaseOrderDataAfterApplyingDateFilter" class="testcases.pharmacy_testcase"/>
        <method signature="pharmacy_testcase.exportGoodsReceiptData()[pri:18, instance:testcases.pharmacy_testcase@3b9d6699]" name="exportGoodsReceiptData" class="testcases.pharmacy_testcase"/>
        <method signature="pharmacy_testcase.verifyRegisterPatientWithPhoto()[pri:19, instance:testcases.pharmacy_testcase@3b9d6699]" name="verifyRegisterPatientWithPhoto" class="testcases.pharmacy_testcase"/>
        <method signature="pharmacy_testcase.verifyUploadedImageIsPresent()[pri:20, instance:testcases.pharmacy_testcase@3b9d6699]" name="verifyUploadedImageIsPresent" class="testcases.pharmacy_testcase"/>
        <method signature="pharmacy_testcase.verifyUserIsOnTheSamePageAfterRefresh()[pri:21, instance:testcases.pharmacy_testcase@3b9d6699]" name="verifyUserIsOnTheSamePageAfterRefresh" class="testcases.pharmacy_testcase"/>
      </group> <!-- sanity -->
    </groups>
    <test started-at="2024-08-28T19:42:32 IST" name="Test" finished-at="2024-08-28T19:46:52 IST" duration-ms="260156">
      <class name="testcases.pharmacy_testcase">
        <test-method is-config="true" signature="initBrowser(java.lang.String,java.lang.String)[pri:0, instance:testcases.pharmacy_testcase@3b9d6699]" started-at="2024-08-28T19:42:32 IST" name="initBrowser" finished-at="2024-08-28T19:42:36 IST" duration-ms="4286" status="PASS">
          <params>
            <param index="0">
              <value>
                <![CDATA[chrome]]>
              </value>
            </param>
            <param index="1">
              <value>
                <![CDATA[dev]]>
              </value>
            </param>
          </params>
          <reporter-output>
          </reporter-output>
        </test-method> <!-- initBrowser -->
        <test-method signature="verifyTitleOfTheHomePage()[pri:1, instance:testcases.pharmacy_testcase@3b9d6699]" started-at="2024-08-28T19:42:36 IST" name="verifyTitleOfTheHomePage" description="Verify the title and url of  the current page." finished-at="2024-08-28T19:42:40 IST" duration-ms="4306" status="FAIL">
          <exception class="java.lang.AssertionError">
            <message>
              <![CDATA[expected [https://healthapp.yaksha.com/Home/Index#/] but found [https://healthapp.yaksha.com/Home/Index#]]]>
            </message>
            <full-stacktrace>
              <![CDATA[java.lang.AssertionError: expected [https://healthapp.yaksha.com/Home/Index#/] but found [https://healthapp.yaksha.com/Home/Index#]
at org.testng.Assert.fail(Assert.java:111)
at org.testng.Assert.failNotEquals(Assert.java:1578)
at org.testng.Assert.assertEqualsImpl(Assert.java:150)
at org.testng.Assert.assertEquals(Assert.java:132)
at org.testng.Assert.assertEquals(Assert.java:656)
at org.testng.Assert.assertEquals(Assert.java:666)
at testcases.pharmacy_testcase.verifyTitleOfTheHomePage(pharmacy_testcase.java:59)
at java.base/jdk.internal.reflect.NativeMethodAccessorImpl.invoke0(Native Method)
at java.base/jdk.internal.reflect.NativeMethodAccessorImpl.invoke(NativeMethodAccessorImpl.java:77)
at java.base/jdk.internal.reflect.DelegatingMethodAccessorImpl.invoke(DelegatingMethodAccessorImpl.java:43)
at java.base/java.lang.reflect.Method.invoke(Method.java:568)
at org.testng.internal.invokers.MethodInvocationHelper.invokeMethod(MethodInvocationHelper.java:139)
at org.testng.internal.invokers.TestInvoker.invokeMethod(TestInvoker.java:664)
at org.testng.internal.invokers.TestInvoker.invokeTestMethod(TestInvoker.java:227)
at org.testng.internal.invokers.MethodRunner.runInSequence(MethodRunner.java:50)
at org.testng.internal.invokers.TestInvoker$MethodInvocationAgent.invoke(TestInvoker.java:957)
at org.testng.internal.invokers.TestInvoker.invokeTestMethods(TestInvoker.java:200)
at org.testng.internal.invokers.TestMethodWorker.invokeTestMethods(TestMethodWorker.java:148)
at org.testng.internal.invokers.TestMethodWorker.run(TestMethodWorker.java:128)
at java.base/java.util.concurrent.ThreadPoolExecutor.runWorker(ThreadPoolExecutor.java:1136)
at java.base/java.util.concurrent.ThreadPoolExecutor$Worker.run(ThreadPoolExecutor.java:635)
at java.base/java.lang.Thread.run(Thread.java:842)
]]>
            </full-stacktrace>
          </exception> <!-- java.lang.AssertionError -->
          <reporter-output>
          </reporter-output>
        </test-method> <!-- verifyTitleOfTheHomePage -->
        <test-method signature="verifyPharmacyModule()[pri:2, instance:testcases.pharmacy_testcase@3b9d6699]" started-at="2024-08-28T19:42:44 IST" name="verifyPharmacyModule" description="Precondition: User should be logged in and on the Pharmacy section
1. Login in the healthapp application
2. Scroll down menu till pharmacy
3. Click on the pharmacy" finished-at="2024-08-28T19:42:46 IST" duration-ms="1258" status="PASS">
          <reporter-output>
          </reporter-output>
        </test-method> <!-- verifyPharmacyModule -->
        <test-method signature="verifyPharmacySubModules()[pri:3, instance:testcases.pharmacy_testcase@3b9d6699]" started-at="2024-08-28T19:42:49 IST" name="verifyPharmacySubModules" description="Precondition: User should be logged in and on the Pharmacy section
1. Click on the Pharmacy Module drop-down arrow
2. Click on Order" finished-at="2024-08-28T19:42:52 IST" duration-ms="3406" status="PASS">
          <reporter-output>
          </reporter-output>
        </test-method> <!-- verifyPharmacySubModules -->
        <test-method signature="verifyElementsUnderOrderTab()[pri:4, instance:testcases.pharmacy_testcase@3b9d6699]" started-at="2024-08-28T19:42:55 IST" name="verifyElementsUnderOrderTab" description="Precondition: User should be logged in and on the Pharmacy section
1. Click on the Pharmacy Module drop-down arrow
2. Click on order
Verify the presence of the order section with all fields" finished-at="2024-08-28T19:43:02 IST" duration-ms="7300" status="PASS">
          <reporter-output>
          </reporter-output>
        </test-method> <!-- verifyElementsUnderOrderTab -->
        <test-method signature="verifyNavigationToAnotherSubModuleAfterOpeningTheOrderSection()[pri:5, instance:testcases.pharmacy_testcase@3b9d6699]" started-at="2024-08-28T19:43:06 IST" name="verifyNavigationToAnotherSubModuleAfterOpeningTheOrderSection" description="Precondition: User should be logged in and on the Pharmacy section
1. Click on the Order
2. Click on the Supplier" finished-at="2024-08-28T19:43:07 IST" duration-ms="1331" status="PASS">
          <reporter-output>
          </reporter-output>
        </test-method> <!-- verifyNavigationToAnotherSubModuleAfterOpeningTheOrderSection -->
        <test-method signature="verifyErrorMessageOnPrintingGoodReceiptWithoutDetails()[pri:6, instance:testcases.pharmacy_testcase@3b9d6699]" started-at="2024-08-28T19:43:10 IST" name="verifyErrorMessageOnPrintingGoodReceiptWithoutDetails" description="Verify that the user is logged in and is on the Pharmacy section.
If the user is on the Pharmacy section, 
then click on the &quot;New Good Receipt&quot; button and 
scroll to the bottom of the screen and 
click on the &quot;Print Receipt&quot; button." finished-at="2024-08-28T19:43:13 IST" duration-ms="3230" status="PASS">
          <reporter-output>
          </reporter-output>
        </test-method> <!-- verifyErrorMessageOnPrintingGoodReceiptWithoutDetails -->
        <test-method signature="addNewGoodReceipt()[pri:7, instance:testcases.pharmacy_testcase@3b9d6699]" started-at="2024-08-28T19:43:16 IST" name="addNewGoodReceipt" description="Precondition: User should be logged in and on the Pharmacy section
1. Click on the new Good Receipt button
User should be able to click on the new Good Receipt button
User should be able to add a new receipt after filling all mandatory fields" finished-at="2024-08-28T19:43:28 IST" duration-ms="11451" status="FAIL">
          <exception class="org.openqa.selenium.TimeoutException">
            <message>
              <![CDATA[Expected condition failed: waiting for number of elements found by By.xpath: //div[@class='modelbox-div clearfix'] to be "1". Current number: "2" (tried for 5 second(s) with 500 milliseconds interval)
Build info: version: '4.10.0', revision: 'c14d967899'
System info: os.name: 'Windows 10', os.arch: 'amd64', os.version: '10.0', java.version: '17.0.10'
Driver info: org.openqa.selenium.chrome.ChromeDriver
Capabilities {acceptInsecureCerts: false, browserName: chrome, browserVersion: 122.0.6261.95, chrome: {chromedriverVersion: 122.0.6261.128 (f18a44fedeb..., userDataDir: C:\Windows\SystemTemp\scope...}, fedcm:accounts: true, goog:chromeOptions: {debuggerAddress: localhost:50879}, networkConnectionEnabled: false, pageLoadStrategy: normal, platformName: windows, proxy: Proxy(), se:cdp: ws://localhost:50879/devtoo..., se:cdpVersion: 122.0.6261.95, setWindowRect: true, strictFileInteractability: false, timeouts: {implicit: 0, pageLoad: 300000, script: 30000}, unhandledPromptBehavior: dismiss and notify, webauthn:extension:credBlob: true, webauthn:extension:largeBlob: true, webauthn:extension:minPinLength: true, webauthn:extension:prf: true, webauthn:virtualAuthenticators: true}
Session ID: 89ed3113d0f72b081361f869457dabb5]]>
            </message>
            <full-stacktrace>
              <![CDATA[org.openqa.selenium.TimeoutException: Expected condition failed: waiting for number of elements found by By.xpath: //div[@class='modelbox-div clearfix'] to be "1". Current number: "2" (tried for 5 second(s) with 500 milliseconds interval)
Build info: version: '4.10.0', revision: 'c14d967899'
System info: os.name: 'Windows 10', os.arch: 'amd64', os.version: '10.0', java.version: '17.0.10'
Driver info: org.openqa.selenium.chrome.ChromeDriver
Capabilities {acceptInsecureCerts: false, browserName: chrome, browserVersion: 122.0.6261.95, chrome: {chromedriverVersion: 122.0.6261.128 (f18a44fedeb..., userDataDir: C:\Windows\SystemTemp\scope...}, fedcm:accounts: true, goog:chromeOptions: {debuggerAddress: localhost:50879}, networkConnectionEnabled: false, pageLoadStrategy: normal, platformName: windows, proxy: Proxy(), se:cdp: ws://localhost:50879/devtoo..., se:cdpVersion: 122.0.6261.95, setWindowRect: true, strictFileInteractability: false, timeouts: {implicit: 0, pageLoad: 300000, script: 30000}, unhandledPromptBehavior: dismiss and notify, webauthn:extension:credBlob: true, webauthn:extension:largeBlob: true, webauthn:extension:minPinLength: true, webauthn:extension:prf: true, webauthn:virtualAuthenticators: true}
Session ID: 89ed3113d0f72b081361f869457dabb5
at org.openqa.selenium.support.ui.WebDriverWait.timeoutException(WebDriverWait.java:84)
at org.openqa.selenium.support.ui.FluentWait.until(FluentWait.java:230)
at coreUtilities.utils.CommonEvents.waitTillNumberOfElementsToBe(CommonEvents.java:3947)
at pages.pharmacy_Pages.addGriItemWithMandatoryFieldsOnly(pharmacy_Pages.java:680)
at testcases.pharmacy_testcase.addNewGoodReceipt(pharmacy_testcase.java:176)
at java.base/jdk.internal.reflect.NativeMethodAccessorImpl.invoke0(Native Method)
at java.base/jdk.internal.reflect.NativeMethodAccessorImpl.invoke(NativeMethodAccessorImpl.java:77)
at java.base/jdk.internal.reflect.DelegatingMethodAccessorImpl.invoke(DelegatingMethodAccessorImpl.java:43)
at java.base/java.lang.reflect.Method.invoke(Method.java:568)
at org.testng.internal.invokers.MethodInvocationHelper.invokeMethod(MethodInvocationHelper.java:139)
at org.testng.internal.invokers.TestInvoker.invokeMethod(TestInvoker.java:664)
at org.testng.internal.invokers.TestInvoker.invokeTestMethod(TestInvoker.java:227)
at org.testng.internal.invokers.MethodRunner.runInSequence(MethodRunner.java:50)
at org.testng.internal.invokers.TestInvoker$MethodInvocationAgent.invoke(TestInvoker.java:957)
at org.testng.internal.invokers.TestInvoker.invokeTestMethods(TestInvoker.java:200)
at org.testng.internal.invokers.TestMethodWorker.invokeTestMethods(TestMethodWorker.java:148)
at org.testng.internal.invokers.TestMethodWorker.run(TestMethodWorker.java:128)
at java.base/java.util.concurrent.ThreadPoolExecutor.runWorker(ThreadPoolExecutor.java:1136)
at java.base/java.util.concurrent.ThreadPoolExecutor$Worker.run(ThreadPoolExecutor.java:635)
at java.base/java.lang.Thread.run(Thread.java:842)
]]>
            </full-stacktrace>
          </exception> <!-- org.openqa.selenium.TimeoutException -->
          <reporter-output>
          </reporter-output>
        </test-method> <!-- addNewGoodReceipt -->
        <test-method signature="verifyAddedGoodReceipt()[pri:8, instance:testcases.pharmacy_testcase@3b9d6699]" started-at="2024-08-28T19:43:32 IST" name="verifyAddedGoodReceipt" description="Verify that the user can view the added receipt.
If the receipt is added, 
then click on the &quot;View&quot; button." finished-at="2024-08-28T19:44:02 IST" duration-ms="30098" status="FAIL">
          <exception class="org.openqa.selenium.NoSuchElementException">
            <message>
              <![CDATA[no such element: Unable to locate element: {"method":"xpath","selector":"//a[contains(@class,'history-del-btn')]"}
  (Session info: chrome=122.0.6261.95)
For documentation on this error, please visit: https://www.selenium.dev/documentation/webdriver/troubleshooting/errors#no-such-element-exception
Build info: version: '4.10.0', revision: 'c14d967899'
System info: os.name: 'Windows 10', os.arch: 'amd64', os.version: '10.0', java.version: '17.0.10'
Driver info: org.openqa.selenium.chrome.ChromeDriver
Command: [89ed3113d0f72b081361f869457dabb5, findElement {using=xpath, value=//a[contains(@class,'history-del-btn')]}]
Capabilities {acceptInsecureCerts: false, browserName: chrome, browserVersion: 122.0.6261.95, chrome: {chromedriverVersion: 122.0.6261.128 (f18a44fedeb..., userDataDir: C:\Windows\SystemTemp\scope...}, fedcm:accounts: true, goog:chromeOptions: {debuggerAddress: localhost:50879}, networkConnectionEnabled: false, pageLoadStrategy: normal, platformName: windows, proxy: Proxy(), se:cdp: ws://localhost:50879/devtoo..., se:cdpVersion: 122.0.6261.95, setWindowRect: true, strictFileInteractability: false, timeouts: {implicit: 0, pageLoad: 300000, script: 30000}, unhandledPromptBehavior: dismiss and notify, webauthn:extension:credBlob: true, webauthn:extension:largeBlob: true, webauthn:extension:minPinLength: true, webauthn:extension:prf: true, webauthn:virtualAuthenticators: true}
Session ID: 89ed3113d0f72b081361f869457dabb5]]>
            </message>
            <full-stacktrace>
              <![CDATA[org.openqa.selenium.NoSuchElementException: no such element: Unable to locate element: {"method":"xpath","selector":"//a[contains(@class,'history-del-btn')]"}
  (Session info: chrome=122.0.6261.95)
For documentation on this error, please visit: https://www.selenium.dev/documentation/webdriver/troubleshooting/errors#no-such-element-exception
Build info: version: '4.10.0', revision: 'c14d967899'
System info: os.name: 'Windows 10', os.arch: 'amd64', os.version: '10.0', java.version: '17.0.10'
Driver info: org.openqa.selenium.chrome.ChromeDriver
Command: [89ed3113d0f72b081361f869457dabb5, findElement {using=xpath, value=//a[contains(@class,'history-del-btn')]}]
Capabilities {acceptInsecureCerts: false, browserName: chrome, browserVersion: 122.0.6261.95, chrome: {chromedriverVersion: 122.0.6261.128 (f18a44fedeb..., userDataDir: C:\Windows\SystemTemp\scope...}, fedcm:accounts: true, goog:chromeOptions: {debuggerAddress: localhost:50879}, networkConnectionEnabled: false, pageLoadStrategy: normal, platformName: windows, proxy: Proxy(), se:cdp: ws://localhost:50879/devtoo..., se:cdpVersion: 122.0.6261.95, setWindowRect: true, strictFileInteractability: false, timeouts: {implicit: 0, pageLoad: 300000, script: 30000}, unhandledPromptBehavior: dismiss and notify, webauthn:extension:credBlob: true, webauthn:extension:largeBlob: true, webauthn:extension:minPinLength: true, webauthn:extension:prf: true, webauthn:virtualAuthenticators: true}
Session ID: 89ed3113d0f72b081361f869457dabb5
at java.base/jdk.internal.reflect.NativeConstructorAccessorImpl.newInstance0(Native Method)
at java.base/jdk.internal.reflect.NativeConstructorAccessorImpl.newInstance(NativeConstructorAccessorImpl.java:77)
at java.base/jdk.internal.reflect.DelegatingConstructorAccessorImpl.newInstance(DelegatingConstructorAccessorImpl.java:45)
at java.base/java.lang.reflect.Constructor.newInstanceWithCaller(Constructor.java:499)
at java.base/java.lang.reflect.Constructor.newInstance(Constructor.java:480)
at org.openqa.selenium.remote.codec.w3c.W3CHttpResponseCodec.createException(W3CHttpResponseCodec.java:199)
at org.openqa.selenium.remote.codec.w3c.W3CHttpResponseCodec.decode(W3CHttpResponseCodec.java:132)
at org.openqa.selenium.remote.codec.w3c.W3CHttpResponseCodec.decode(W3CHttpResponseCodec.java:51)
at org.openqa.selenium.remote.HttpCommandExecutor.execute(HttpCommandExecutor.java:191)
at org.openqa.selenium.remote.service.DriverCommandExecutor.invokeExecute(DriverCommandExecutor.java:196)
at org.openqa.selenium.remote.service.DriverCommandExecutor.execute(DriverCommandExecutor.java:171)
at org.openqa.selenium.remote.RemoteWebDriver.execute(RemoteWebDriver.java:531)
at org.openqa.selenium.remote.ElementLocation$ElementFinder$2.findElement(ElementLocation.java:165)
at org.openqa.selenium.remote.ElementLocation.findElement(ElementLocation.java:59)
at org.openqa.selenium.remote.RemoteWebDriver.findElement(RemoteWebDriver.java:350)
at org.openqa.selenium.remote.RemoteWebDriver.findElement(RemoteWebDriver.java:344)
at testBase.UserActions.getWebElement(UserActions.java:96)
at testBase.UserActions.click(UserActions.java:928)
at testcases.pharmacy_testcase.verifyAddedGoodReceipt(pharmacy_testcase.java:188)
at java.base/jdk.internal.reflect.NativeMethodAccessorImpl.invoke0(Native Method)
at java.base/jdk.internal.reflect.NativeMethodAccessorImpl.invoke(NativeMethodAccessorImpl.java:77)
at java.base/jdk.internal.reflect.DelegatingMethodAccessorImpl.invoke(DelegatingMethodAccessorImpl.java:43)
at java.base/java.lang.reflect.Method.invoke(Method.java:568)
at org.testng.internal.invokers.MethodInvocationHelper.invokeMethod(MethodInvocationHelper.java:139)
at org.testng.internal.invokers.TestInvoker.invokeMethod(TestInvoker.java:664)
at org.testng.internal.invokers.TestInvoker.invokeTestMethod(TestInvoker.java:227)
at org.testng.internal.invokers.MethodRunner.runInSequence(MethodRunner.java:50)
at org.testng.internal.invokers.TestInvoker$MethodInvocationAgent.invoke(TestInvoker.java:957)
at org.testng.internal.invokers.TestInvoker.invokeTestMethods(TestInvoker.java:200)
at org.testng.internal.invokers.TestMethodWorker.invokeTestMethods(TestMethodWorker.java:148)
at org.testng.internal.invokers.TestMethodWorker.run(TestMethodWorker.java:128)
at java.base/java.util.concurrent.ThreadPoolExecutor.runWorker(ThreadPoolExecutor.java:1136)
at java.base/java.util.concurrent.ThreadPoolExecutor$Worker.run(ThreadPoolExecutor.java:635)
at java.base/java.lang.Thread.run(Thread.java:842)
]]>
            </full-stacktrace>
          </exception> <!-- org.openqa.selenium.NoSuchElementException -->
          <reporter-output>
          </reporter-output>
        </test-method> <!-- verifyAddedGoodReceipt -->
        <test-method signature="verifyDataIsAsPerAppliedDateFilter()[pri:9, instance:testcases.pharmacy_testcase@3b9d6699]" started-at="2024-08-28T19:44:05 IST" name="verifyDataIsAsPerAppliedDateFilter" description="Pre condition: User should be logged in and it is on Pharmacy section
1. Click on the &quot;From&quot; date
2. Select the &quot;From&quot; date
3. Click on the &quot;To&quot; date
4. Select &quot;To&quot; date
5. Click on &quot;OK&quot; button" finished-at="2024-08-28T19:44:09 IST" duration-ms="3182" status="FAIL">
          <exception class="org.openqa.selenium.ElementClickInterceptedException">
            <message>
              <![CDATA[element click intercepted: Element <button _ngcontent-c4="" class="btn green btn-success" style="">...</button> is not clickable at point (694, 272). Other element would receive the click: <div class="col-md-6">...</div>
  (Session info: chrome=122.0.6261.95)
Build info: version: '4.10.0', revision: 'c14d967899'
System info: os.name: 'Windows 10', os.arch: 'amd64', os.version: '10.0', java.version: '17.0.10'
Driver info: org.openqa.selenium.chrome.ChromeDriver
Command: [89ed3113d0f72b081361f869457dabb5, clickElement {id=f.81A9C87FC15962A51D6D545FC80BD579.d.91177668E62542DB2C219D5B27013E21.e.539}]
Capabilities {acceptInsecureCerts: false, browserName: chrome, browserVersion: 122.0.6261.95, chrome: {chromedriverVersion: 122.0.6261.128 (f18a44fedeb..., userDataDir: C:\Windows\SystemTemp\scope...}, fedcm:accounts: true, goog:chromeOptions: {debuggerAddress: localhost:50879}, networkConnectionEnabled: false, pageLoadStrategy: normal, platformName: windows, proxy: Proxy(), se:cdp: ws://localhost:50879/devtoo..., se:cdpVersion: 122.0.6261.95, setWindowRect: true, strictFileInteractability: false, timeouts: {implicit: 0, pageLoad: 300000, script: 30000}, unhandledPromptBehavior: dismiss and notify, webauthn:extension:credBlob: true, webauthn:extension:largeBlob: true, webauthn:extension:minPinLength: true, webauthn:extension:prf: true, webauthn:virtualAuthenticators: true}
Element: [[ChromeDriver: chrome on windows (89ed3113d0f72b081361f869457dabb5)] -> xpath: //button[contains(text(),'OK')]]
Session ID: 89ed3113d0f72b081361f869457dabb5]]>
            </message>
            <full-stacktrace>
              <![CDATA[org.openqa.selenium.ElementClickInterceptedException: element click intercepted: Element <button _ngcontent-c4="" class="btn green btn-success" style="">...</button> is not clickable at point (694, 272). Other element would receive the click: <div class="col-md-6">...</div>
  (Session info: chrome=122.0.6261.95)
Build info: version: '4.10.0', revision: 'c14d967899'
System info: os.name: 'Windows 10', os.arch: 'amd64', os.version: '10.0', java.version: '17.0.10'
Driver info: org.openqa.selenium.chrome.ChromeDriver
Command: [89ed3113d0f72b081361f869457dabb5, clickElement {id=f.81A9C87FC15962A51D6D545FC80BD579.d.91177668E62542DB2C219D5B27013E21.e.539}]
Capabilities {acceptInsecureCerts: false, browserName: chrome, browserVersion: 122.0.6261.95, chrome: {chromedriverVersion: 122.0.6261.128 (f18a44fedeb..., userDataDir: C:\Windows\SystemTemp\scope...}, fedcm:accounts: true, goog:chromeOptions: {debuggerAddress: localhost:50879}, networkConnectionEnabled: false, pageLoadStrategy: normal, platformName: windows, proxy: Proxy(), se:cdp: ws://localhost:50879/devtoo..., se:cdpVersion: 122.0.6261.95, setWindowRect: true, strictFileInteractability: false, timeouts: {implicit: 0, pageLoad: 300000, script: 30000}, unhandledPromptBehavior: dismiss and notify, webauthn:extension:credBlob: true, webauthn:extension:largeBlob: true, webauthn:extension:minPinLength: true, webauthn:extension:prf: true, webauthn:virtualAuthenticators: true}
Element: [[ChromeDriver: chrome on windows (89ed3113d0f72b081361f869457dabb5)] -> xpath: //button[contains(text(),'OK')]]
Session ID: 89ed3113d0f72b081361f869457dabb5
at java.base/jdk.internal.reflect.NativeConstructorAccessorImpl.newInstance0(Native Method)
at java.base/jdk.internal.reflect.NativeConstructorAccessorImpl.newInstance(NativeConstructorAccessorImpl.java:77)
at java.base/jdk.internal.reflect.DelegatingConstructorAccessorImpl.newInstance(DelegatingConstructorAccessorImpl.java:45)
at java.base/java.lang.reflect.Constructor.newInstanceWithCaller(Constructor.java:499)
at java.base/java.lang.reflect.Constructor.newInstance(Constructor.java:480)
at org.openqa.selenium.remote.codec.w3c.W3CHttpResponseCodec.createException(W3CHttpResponseCodec.java:199)
at org.openqa.selenium.remote.codec.w3c.W3CHttpResponseCodec.decode(W3CHttpResponseCodec.java:132)
at org.openqa.selenium.remote.codec.w3c.W3CHttpResponseCodec.decode(W3CHttpResponseCodec.java:51)
at org.openqa.selenium.remote.HttpCommandExecutor.execute(HttpCommandExecutor.java:191)
at org.openqa.selenium.remote.service.DriverCommandExecutor.invokeExecute(DriverCommandExecutor.java:196)
at org.openqa.selenium.remote.service.DriverCommandExecutor.execute(DriverCommandExecutor.java:171)
at org.openqa.selenium.remote.RemoteWebDriver.execute(RemoteWebDriver.java:531)
at org.openqa.selenium.remote.RemoteWebElement.execute(RemoteWebElement.java:242)
at org.openqa.selenium.remote.RemoteWebElement.click(RemoteWebElement.java:77)
at coreUtilities.utils.CommonEvents.click(CommonEvents.java:926)
at pages.pharmacy_Pages.applyDateFilter(pharmacy_Pages.java:950)
at testcases.pharmacy_testcase.verifyDataIsAsPerAppliedDateFilter(pharmacy_testcase.java:211)
at java.base/jdk.internal.reflect.NativeMethodAccessorImpl.invoke0(Native Method)
at java.base/jdk.internal.reflect.NativeMethodAccessorImpl.invoke(NativeMethodAccessorImpl.java:77)
at java.base/jdk.internal.reflect.DelegatingMethodAccessorImpl.invoke(DelegatingMethodAccessorImpl.java:43)
at java.base/java.lang.reflect.Method.invoke(Method.java:568)
at org.testng.internal.invokers.MethodInvocationHelper.invokeMethod(MethodInvocationHelper.java:139)
at org.testng.internal.invokers.TestInvoker.invokeMethod(TestInvoker.java:664)
at org.testng.internal.invokers.TestInvoker.invokeTestMethod(TestInvoker.java:227)
at org.testng.internal.invokers.MethodRunner.runInSequence(MethodRunner.java:50)
at org.testng.internal.invokers.TestInvoker$MethodInvocationAgent.invoke(TestInvoker.java:957)
at org.testng.internal.invokers.TestInvoker.invokeTestMethods(TestInvoker.java:200)
at org.testng.internal.invokers.TestMethodWorker.invokeTestMethods(TestMethodWorker.java:148)
at org.testng.internal.invokers.TestMethodWorker.run(TestMethodWorker.java:128)
at java.base/java.util.concurrent.ThreadPoolExecutor.runWorker(ThreadPoolExecutor.java:1136)
at java.base/java.util.concurrent.ThreadPoolExecutor$Worker.run(ThreadPoolExecutor.java:635)
at java.base/java.lang.Thread.run(Thread.java:842)
]]>
            </full-stacktrace>
          </exception> <!-- org.openqa.selenium.ElementClickInterceptedException -->
          <reporter-output>
          </reporter-output>
        </test-method> <!-- verifyDataIsAsPerAppliedDateFilter -->
        <test-method signature="verifySearchResultDisplayedInTable()[pri:10, instance:testcases.pharmacy_testcase@3b9d6699]" started-at="2024-08-28T19:44:12 IST" name="verifySearchResultDisplayedInTable" description="Precondition: User should be logged in and on the Pharmacy section. 
1. Enter the invoice number in Search field. 
2. Click on the &#039;Show Details&#039; button for a matching record. 
3. Verify that the records matching the entered keyword are displayed in the table. 
4. Click on the &#039;View&#039; button for the invoice. 
5. Verify the invoice number is present in the printed details. 
6. Close the &#039;Add Good Receipt&#039; modal." finished-at="2024-08-28T19:44:15 IST" duration-ms="3916" status="FAIL">
          <exception class="org.openqa.selenium.ElementClickInterceptedException">
            <message>
              <![CDATA[element click intercepted: Element <button _ngcontent-c8="" class="btn blue" type="button" style="">...</button> is not clickable at point (1295, 223). Other element would receive the click: <div class="row">...</div>
  (Session info: chrome=122.0.6261.95)
Build info: version: '4.10.0', revision: 'c14d967899'
System info: os.name: 'Windows 10', os.arch: 'amd64', os.version: '10.0', java.version: '17.0.10'
Driver info: org.openqa.selenium.chrome.ChromeDriver
Command: [89ed3113d0f72b081361f869457dabb5, clickElement {id=f.81A9C87FC15962A51D6D545FC80BD579.d.91177668E62542DB2C219D5B27013E21.e.551}]
Capabilities {acceptInsecureCerts: false, browserName: chrome, browserVersion: 122.0.6261.95, chrome: {chromedriverVersion: 122.0.6261.128 (f18a44fedeb..., userDataDir: C:\Windows\SystemTemp\scope...}, fedcm:accounts: true, goog:chromeOptions: {debuggerAddress: localhost:50879}, networkConnectionEnabled: false, pageLoadStrategy: normal, platformName: windows, proxy: Proxy(), se:cdp: ws://localhost:50879/devtoo..., se:cdpVersion: 122.0.6261.95, setWindowRect: true, strictFileInteractability: false, timeouts: {implicit: 0, pageLoad: 300000, script: 30000}, unhandledPromptBehavior: dismiss and notify, webauthn:extension:credBlob: true, webauthn:extension:largeBlob: true, webauthn:extension:minPinLength: true, webauthn:extension:prf: true, webauthn:virtualAuthenticators: true}
Element: [[ChromeDriver: chrome on windows (89ed3113d0f72b081361f869457dabb5)] -> xpath: //button[contains(text(),'Show Details')]]
Session ID: 89ed3113d0f72b081361f869457dabb5]]>
            </message>
            <full-stacktrace>
              <![CDATA[org.openqa.selenium.ElementClickInterceptedException: element click intercepted: Element <button _ngcontent-c8="" class="btn blue" type="button" style="">...</button> is not clickable at point (1295, 223). Other element would receive the click: <div class="row">...</div>
  (Session info: chrome=122.0.6261.95)
Build info: version: '4.10.0', revision: 'c14d967899'
System info: os.name: 'Windows 10', os.arch: 'amd64', os.version: '10.0', java.version: '17.0.10'
Driver info: org.openqa.selenium.chrome.ChromeDriver
Command: [89ed3113d0f72b081361f869457dabb5, clickElement {id=f.81A9C87FC15962A51D6D545FC80BD579.d.91177668E62542DB2C219D5B27013E21.e.551}]
Capabilities {acceptInsecureCerts: false, browserName: chrome, browserVersion: 122.0.6261.95, chrome: {chromedriverVersion: 122.0.6261.128 (f18a44fedeb..., userDataDir: C:\Windows\SystemTemp\scope...}, fedcm:accounts: true, goog:chromeOptions: {debuggerAddress: localhost:50879}, networkConnectionEnabled: false, pageLoadStrategy: normal, platformName: windows, proxy: Proxy(), se:cdp: ws://localhost:50879/devtoo..., se:cdpVersion: 122.0.6261.95, setWindowRect: true, strictFileInteractability: false, timeouts: {implicit: 0, pageLoad: 300000, script: 30000}, unhandledPromptBehavior: dismiss and notify, webauthn:extension:credBlob: true, webauthn:extension:largeBlob: true, webauthn:extension:minPinLength: true, webauthn:extension:prf: true, webauthn:virtualAuthenticators: true}
Element: [[ChromeDriver: chrome on windows (89ed3113d0f72b081361f869457dabb5)] -> xpath: //button[contains(text(),'Show Details')]]
Session ID: 89ed3113d0f72b081361f869457dabb5
at java.base/jdk.internal.reflect.NativeConstructorAccessorImpl.newInstance0(Native Method)
at java.base/jdk.internal.reflect.NativeConstructorAccessorImpl.newInstance(NativeConstructorAccessorImpl.java:77)
at java.base/jdk.internal.reflect.DelegatingConstructorAccessorImpl.newInstance(DelegatingConstructorAccessorImpl.java:45)
at java.base/java.lang.reflect.Constructor.newInstanceWithCaller(Constructor.java:499)
at java.base/java.lang.reflect.Constructor.newInstance(Constructor.java:480)
at org.openqa.selenium.remote.codec.w3c.W3CHttpResponseCodec.createException(W3CHttpResponseCodec.java:199)
at org.openqa.selenium.remote.codec.w3c.W3CHttpResponseCodec.decode(W3CHttpResponseCodec.java:132)
at org.openqa.selenium.remote.codec.w3c.W3CHttpResponseCodec.decode(W3CHttpResponseCodec.java:51)
at org.openqa.selenium.remote.HttpCommandExecutor.execute(HttpCommandExecutor.java:191)
at org.openqa.selenium.remote.service.DriverCommandExecutor.invokeExecute(DriverCommandExecutor.java:196)
at org.openqa.selenium.remote.service.DriverCommandExecutor.execute(DriverCommandExecutor.java:171)
at org.openqa.selenium.remote.RemoteWebDriver.execute(RemoteWebDriver.java:531)
at org.openqa.selenium.remote.RemoteWebElement.execute(RemoteWebElement.java:242)
at org.openqa.selenium.remote.RemoteWebElement.click(RemoteWebElement.java:77)
at coreUtilities.utils.CommonEvents.click(CommonEvents.java:926)
at pages.pharmacy_Pages.highlightAndClickOnButton(pharmacy_Pages.java:891)
at testcases.pharmacy_testcase.verifySearchResultDisplayedInTable(pharmacy_testcase.java:230)
at java.base/jdk.internal.reflect.NativeMethodAccessorImpl.invoke0(Native Method)
at java.base/jdk.internal.reflect.NativeMethodAccessorImpl.invoke(NativeMethodAccessorImpl.java:77)
at java.base/jdk.internal.reflect.DelegatingMethodAccessorImpl.invoke(DelegatingMethodAccessorImpl.java:43)
at java.base/java.lang.reflect.Method.invoke(Method.java:568)
at org.testng.internal.invokers.MethodInvocationHelper.invokeMethod(MethodInvocationHelper.java:139)
at org.testng.internal.invokers.TestInvoker.invokeMethod(TestInvoker.java:664)
at org.testng.internal.invokers.TestInvoker.invokeTestMethod(TestInvoker.java:227)
at org.testng.internal.invokers.MethodRunner.runInSequence(MethodRunner.java:50)
at org.testng.internal.invokers.TestInvoker$MethodInvocationAgent.invoke(TestInvoker.java:957)
at org.testng.internal.invokers.TestInvoker.invokeTestMethods(TestInvoker.java:200)
at org.testng.internal.invokers.TestMethodWorker.invokeTestMethods(TestMethodWorker.java:148)
at org.testng.internal.invokers.TestMethodWorker.run(TestMethodWorker.java:128)
at java.base/java.util.concurrent.ThreadPoolExecutor.runWorker(ThreadPoolExecutor.java:1136)
at java.base/java.util.concurrent.ThreadPoolExecutor$Worker.run(ThreadPoolExecutor.java:635)
at java.base/java.lang.Thread.run(Thread.java:842)
]]>
            </full-stacktrace>
          </exception> <!-- org.openqa.selenium.ElementClickInterceptedException -->
          <reporter-output>
          </reporter-output>
        </test-method> <!-- verifySearchResultDisplayedInTable -->
        <test-method signature="performScrollOperation()[pri:11, instance:testcases.pharmacy_testcase@3b9d6699]" started-at="2024-08-28T19:44:19 IST" name="performScrollOperation" description="Precondition: User should be logged in and on the Pharmacy section. 
1. Enter the keyword &quot;100&quot; in the price field. 
2. Verify that the records matching the entered keyword are displayed." finished-at="2024-08-28T19:44:20 IST" duration-ms="1620" status="FAIL">
          <exception class="java.lang.AssertionError">
            <message>
              <![CDATA[Scroll operation is performed expected [true] but found [false]]]>
            </message>
            <full-stacktrace>
              <![CDATA[java.lang.AssertionError: Scroll operation is performed expected [true] but found [false]
at org.testng.Assert.fail(Assert.java:111)
at org.testng.Assert.failNotEquals(Assert.java:1578)
at org.testng.Assert.assertTrue(Assert.java:57)
at testcases.pharmacy_testcase.performScrollOperation(pharmacy_testcase.java:245)
at java.base/jdk.internal.reflect.NativeMethodAccessorImpl.invoke0(Native Method)
at java.base/jdk.internal.reflect.NativeMethodAccessorImpl.invoke(NativeMethodAccessorImpl.java:77)
at java.base/jdk.internal.reflect.DelegatingMethodAccessorImpl.invoke(DelegatingMethodAccessorImpl.java:43)
at java.base/java.lang.reflect.Method.invoke(Method.java:568)
at org.testng.internal.invokers.MethodInvocationHelper.invokeMethod(MethodInvocationHelper.java:139)
at org.testng.internal.invokers.TestInvoker.invokeMethod(TestInvoker.java:664)
at org.testng.internal.invokers.TestInvoker.invokeTestMethod(TestInvoker.java:227)
at org.testng.internal.invokers.MethodRunner.runInSequence(MethodRunner.java:50)
at org.testng.internal.invokers.TestInvoker$MethodInvocationAgent.invoke(TestInvoker.java:957)
at org.testng.internal.invokers.TestInvoker.invokeTestMethods(TestInvoker.java:200)
at org.testng.internal.invokers.TestMethodWorker.invokeTestMethods(TestMethodWorker.java:148)
at org.testng.internal.invokers.TestMethodWorker.run(TestMethodWorker.java:128)
at java.base/java.util.concurrent.ThreadPoolExecutor.runWorker(ThreadPoolExecutor.java:1136)
at java.base/java.util.concurrent.ThreadPoolExecutor$Worker.run(ThreadPoolExecutor.java:635)
at java.base/java.lang.Thread.run(Thread.java:842)
]]>
            </full-stacktrace>
          </exception> <!-- java.lang.AssertionError -->
          <reporter-output>
          </reporter-output>
        </test-method> <!-- performScrollOperation -->
        <test-method signature="verifyToolTipText()[pri:12, instance:testcases.pharmacy_testcase@3b9d6699]" started-at="2024-08-28T19:44:23 IST" name="verifyToolTipText" description="Precondition: User should be logged in and on the Pharmacy section. 
1. Hover the mouse over the star/favourite icon. 
2. Verify that a tooltip with the text &quot;Remember this date&quot; appears when hovering over the star." finished-at="2024-08-28T19:44:24 IST" duration-ms="640" status="PASS">
          <reporter-output>
          </reporter-output>
        </test-method> <!-- verifyToolTipText -->
        <test-method signature="verifyRecordsAccordingToSelectedSupplier()[pri:13, instance:testcases.pharmacy_testcase@3b9d6699]" started-at="2024-08-28T19:44:27 IST" name="verifyRecordsAccordingToSelectedSupplier" description="Precondition: User should be logged in and on the Pharmacy section. 
1. Click on the &quot;Select Supplier&quot; dropdown. 
2. Choose the supplier name from the dropdown. 
3. Click on the &quot;Show Details&quot; button. 
4. The records should be present as per select supplier" finished-at="2024-08-28T19:44:57 IST" duration-ms="30335" status="FAIL">
          <exception class="java.lang.AssertionError">
            <message>
              <![CDATA[Table data is not present for the selected supplier expected [true] but found [false]]]>
            </message>
            <full-stacktrace>
              <![CDATA[java.lang.AssertionError: Table data is not present for the selected supplier expected [true] but found [false]
at org.testng.Assert.fail(Assert.java:111)
at org.testng.Assert.failNotEquals(Assert.java:1578)
at org.testng.Assert.assertTrue(Assert.java:57)
at testcases.pharmacy_testcase.verifyRecordsAccordingToSelectedSupplier(pharmacy_testcase.java:271)
at java.base/jdk.internal.reflect.NativeMethodAccessorImpl.invoke0(Native Method)
at java.base/jdk.internal.reflect.NativeMethodAccessorImpl.invoke(NativeMethodAccessorImpl.java:77)
at java.base/jdk.internal.reflect.DelegatingMethodAccessorImpl.invoke(DelegatingMethodAccessorImpl.java:43)
at java.base/java.lang.reflect.Method.invoke(Method.java:568)
at org.testng.internal.invokers.MethodInvocationHelper.invokeMethod(MethodInvocationHelper.java:139)
at org.testng.internal.invokers.TestInvoker.invokeMethod(TestInvoker.java:664)
at org.testng.internal.invokers.TestInvoker.invokeTestMethod(TestInvoker.java:227)
at org.testng.internal.invokers.MethodRunner.runInSequence(MethodRunner.java:50)
at org.testng.internal.invokers.TestInvoker$MethodInvocationAgent.invoke(TestInvoker.java:957)
at org.testng.internal.invokers.TestInvoker.invokeTestMethods(TestInvoker.java:200)
at org.testng.internal.invokers.TestMethodWorker.invokeTestMethods(TestMethodWorker.java:148)
at org.testng.internal.invokers.TestMethodWorker.run(TestMethodWorker.java:128)
at java.base/java.util.concurrent.ThreadPoolExecutor.runWorker(ThreadPoolExecutor.java:1136)
at java.base/java.util.concurrent.ThreadPoolExecutor$Worker.run(ThreadPoolExecutor.java:635)
at java.base/java.lang.Thread.run(Thread.java:842)
]]>
            </full-stacktrace>
          </exception> <!-- java.lang.AssertionError -->
          <reporter-output>
          </reporter-output>
        </test-method> <!-- verifyRecordsAccordingToSelectedSupplier -->
        <test-method signature="verifyUpdateOfExistingGoodReceipt()[pri:14, instance:testcases.pharmacy_testcase@3b9d6699]" started-at="2024-08-28T19:45:01 IST" name="verifyUpdateOfExistingGoodReceipt" description="Precondition: User should be logged in and on the Pharmacy section. 
1. Click on the &quot;View&quot; button. 
2. Click on the &quot;Edit GR&quot; button. 
3. Click on the &quot;Edit&quot; pencil icon. 
4. Make changes to the Good Receipt. 
5. Click on the &quot;Update&quot; button." finished-at="2024-08-28T19:45:05 IST" duration-ms="4091" status="FAIL">
          <exception class="org.openqa.selenium.ElementClickInterceptedException">
            <message>
              <![CDATA[element click intercepted: Element <button _ngcontent-c8="" class="btn blue" type="button" style="">...</button> is not clickable at point (1295, 223). Other element would receive the click: <div class="row">...</div>
  (Session info: chrome=122.0.6261.95)
Build info: version: '4.10.0', revision: 'c14d967899'
System info: os.name: 'Windows 10', os.arch: 'amd64', os.version: '10.0', java.version: '17.0.10'
Driver info: org.openqa.selenium.chrome.ChromeDriver
Command: [89ed3113d0f72b081361f869457dabb5, clickElement {id=f.81A9C87FC15962A51D6D545FC80BD579.d.91177668E62542DB2C219D5B27013E21.e.551}]
Capabilities {acceptInsecureCerts: false, browserName: chrome, browserVersion: 122.0.6261.95, chrome: {chromedriverVersion: 122.0.6261.128 (f18a44fedeb..., userDataDir: C:\Windows\SystemTemp\scope...}, fedcm:accounts: true, goog:chromeOptions: {debuggerAddress: localhost:50879}, networkConnectionEnabled: false, pageLoadStrategy: normal, platformName: windows, proxy: Proxy(), se:cdp: ws://localhost:50879/devtoo..., se:cdpVersion: 122.0.6261.95, setWindowRect: true, strictFileInteractability: false, timeouts: {implicit: 0, pageLoad: 300000, script: 30000}, unhandledPromptBehavior: dismiss and notify, webauthn:extension:credBlob: true, webauthn:extension:largeBlob: true, webauthn:extension:minPinLength: true, webauthn:extension:prf: true, webauthn:virtualAuthenticators: true}
Element: [[ChromeDriver: chrome on windows (89ed3113d0f72b081361f869457dabb5)] -> xpath: //button[contains(text(),'Show Details')]]
Session ID: 89ed3113d0f72b081361f869457dabb5]]>
            </message>
            <full-stacktrace>
              <![CDATA[org.openqa.selenium.ElementClickInterceptedException: element click intercepted: Element <button _ngcontent-c8="" class="btn blue" type="button" style="">...</button> is not clickable at point (1295, 223). Other element would receive the click: <div class="row">...</div>
  (Session info: chrome=122.0.6261.95)
Build info: version: '4.10.0', revision: 'c14d967899'
System info: os.name: 'Windows 10', os.arch: 'amd64', os.version: '10.0', java.version: '17.0.10'
Driver info: org.openqa.selenium.chrome.ChromeDriver
Command: [89ed3113d0f72b081361f869457dabb5, clickElement {id=f.81A9C87FC15962A51D6D545FC80BD579.d.91177668E62542DB2C219D5B27013E21.e.551}]
Capabilities {acceptInsecureCerts: false, browserName: chrome, browserVersion: 122.0.6261.95, chrome: {chromedriverVersion: 122.0.6261.128 (f18a44fedeb..., userDataDir: C:\Windows\SystemTemp\scope...}, fedcm:accounts: true, goog:chromeOptions: {debuggerAddress: localhost:50879}, networkConnectionEnabled: false, pageLoadStrategy: normal, platformName: windows, proxy: Proxy(), se:cdp: ws://localhost:50879/devtoo..., se:cdpVersion: 122.0.6261.95, setWindowRect: true, strictFileInteractability: false, timeouts: {implicit: 0, pageLoad: 300000, script: 30000}, unhandledPromptBehavior: dismiss and notify, webauthn:extension:credBlob: true, webauthn:extension:largeBlob: true, webauthn:extension:minPinLength: true, webauthn:extension:prf: true, webauthn:virtualAuthenticators: true}
Element: [[ChromeDriver: chrome on windows (89ed3113d0f72b081361f869457dabb5)] -> xpath: //button[contains(text(),'Show Details')]]
Session ID: 89ed3113d0f72b081361f869457dabb5
at java.base/jdk.internal.reflect.NativeConstructorAccessorImpl.newInstance0(Native Method)
at java.base/jdk.internal.reflect.NativeConstructorAccessorImpl.newInstance(NativeConstructorAccessorImpl.java:77)
at java.base/jdk.internal.reflect.DelegatingConstructorAccessorImpl.newInstance(DelegatingConstructorAccessorImpl.java:45)
at java.base/java.lang.reflect.Constructor.newInstanceWithCaller(Constructor.java:499)
at java.base/java.lang.reflect.Constructor.newInstance(Constructor.java:480)
at org.openqa.selenium.remote.codec.w3c.W3CHttpResponseCodec.createException(W3CHttpResponseCodec.java:199)
at org.openqa.selenium.remote.codec.w3c.W3CHttpResponseCodec.decode(W3CHttpResponseCodec.java:132)
at org.openqa.selenium.remote.codec.w3c.W3CHttpResponseCodec.decode(W3CHttpResponseCodec.java:51)
at org.openqa.selenium.remote.HttpCommandExecutor.execute(HttpCommandExecutor.java:191)
at org.openqa.selenium.remote.service.DriverCommandExecutor.invokeExecute(DriverCommandExecutor.java:196)
at org.openqa.selenium.remote.service.DriverCommandExecutor.execute(DriverCommandExecutor.java:171)
at org.openqa.selenium.remote.RemoteWebDriver.execute(RemoteWebDriver.java:531)
at org.openqa.selenium.remote.RemoteWebElement.execute(RemoteWebElement.java:242)
at org.openqa.selenium.remote.RemoteWebElement.click(RemoteWebElement.java:77)
at coreUtilities.utils.CommonEvents.click(CommonEvents.java:926)
at pages.pharmacy_Pages.highlightAndClickOnButton(pharmacy_Pages.java:891)
at testcases.pharmacy_testcase.verifyUpdateOfExistingGoodReceipt(pharmacy_testcase.java:288)
at java.base/jdk.internal.reflect.NativeMethodAccessorImpl.invoke0(Native Method)
at java.base/jdk.internal.reflect.NativeMethodAccessorImpl.invoke(NativeMethodAccessorImpl.java:77)
at java.base/jdk.internal.reflect.DelegatingMethodAccessorImpl.invoke(DelegatingMethodAccessorImpl.java:43)
at java.base/java.lang.reflect.Method.invoke(Method.java:568)
at org.testng.internal.invokers.MethodInvocationHelper.invokeMethod(MethodInvocationHelper.java:139)
at org.testng.internal.invokers.TestInvoker.invokeMethod(TestInvoker.java:664)
at org.testng.internal.invokers.TestInvoker.invokeTestMethod(TestInvoker.java:227)
at org.testng.internal.invokers.MethodRunner.runInSequence(MethodRunner.java:50)
at org.testng.internal.invokers.TestInvoker$MethodInvocationAgent.invoke(TestInvoker.java:957)
at org.testng.internal.invokers.TestInvoker.invokeTestMethods(TestInvoker.java:200)
at org.testng.internal.invokers.TestMethodWorker.invokeTestMethods(TestMethodWorker.java:148)
at org.testng.internal.invokers.TestMethodWorker.run(TestMethodWorker.java:128)
at java.base/java.util.concurrent.ThreadPoolExecutor.runWorker(ThreadPoolExecutor.java:1136)
at java.base/java.util.concurrent.ThreadPoolExecutor$Worker.run(ThreadPoolExecutor.java:635)
at java.base/java.lang.Thread.run(Thread.java:842)
]]>
            </full-stacktrace>
          </exception> <!-- org.openqa.selenium.ElementClickInterceptedException -->
          <reporter-output>
          </reporter-output>
        </test-method> <!-- verifyUpdateOfExistingGoodReceipt -->
        <test-method signature="verifyGoodReceiptRadioButtonsAreSelectable()[pri:15, instance:testcases.pharmacy_testcase@3b9d6699]" started-at="2024-08-28T19:45:08 IST" name="verifyGoodReceiptRadioButtonsAreSelectable" description="Verify that the radio buttons in the Pharmacy section can be selected:
1. Click on the &#039;Complete&#039; radio button and verify it is selectable.
2. Click on the &#039;Cancelled&#039; radio button and verify it is selectable.
3. Click on the &#039;All&#039; radio button and verify it is selectable." finished-at="2024-08-28T19:45:09 IST" duration-ms="1635" status="FAIL">
          <exception class="org.openqa.selenium.ElementClickInterceptedException">
            <message>
              <![CDATA[element click intercepted: Element <a _ngcontent-c3="" href="#/Pharmacy/Supplier" style="" class="">...</a> is not clickable at point (343, 80). Other element would receive the click: <div class="row">...</div>
  (Session info: chrome=122.0.6261.95)
Build info: version: '4.10.0', revision: 'c14d967899'
System info: os.name: 'Windows 10', os.arch: 'amd64', os.version: '10.0', java.version: '17.0.10'
Driver info: org.openqa.selenium.chrome.ChromeDriver
Command: [89ed3113d0f72b081361f869457dabb5, clickElement {id=f.81A9C87FC15962A51D6D545FC80BD579.d.91177668E62542DB2C219D5B27013E21.e.151}]
Capabilities {acceptInsecureCerts: false, browserName: chrome, browserVersion: 122.0.6261.95, chrome: {chromedriverVersion: 122.0.6261.128 (f18a44fedeb..., userDataDir: C:\Windows\SystemTemp\scope...}, fedcm:accounts: true, goog:chromeOptions: {debuggerAddress: localhost:50879}, networkConnectionEnabled: false, pageLoadStrategy: normal, platformName: windows, proxy: Proxy(), se:cdp: ws://localhost:50879/devtoo..., se:cdpVersion: 122.0.6261.95, setWindowRect: true, strictFileInteractability: false, timeouts: {implicit: 0, pageLoad: 300000, script: 30000}, unhandledPromptBehavior: dismiss and notify, webauthn:extension:credBlob: true, webauthn:extension:largeBlob: true, webauthn:extension:minPinLength: true, webauthn:extension:prf: true, webauthn:virtualAuthenticators: true}
Element: [[ChromeDriver: chrome on windows (89ed3113d0f72b081361f869457dabb5)] -> xpath: //ul[@class='page-breadcrumb']//a[@href='#/Pharmacy/Supplier']]
Session ID: 89ed3113d0f72b081361f869457dabb5]]>
            </message>
            <full-stacktrace>
              <![CDATA[org.openqa.selenium.ElementClickInterceptedException: element click intercepted: Element <a _ngcontent-c3="" href="#/Pharmacy/Supplier" style="" class="">...</a> is not clickable at point (343, 80). Other element would receive the click: <div class="row">...</div>
  (Session info: chrome=122.0.6261.95)
Build info: version: '4.10.0', revision: 'c14d967899'
System info: os.name: 'Windows 10', os.arch: 'amd64', os.version: '10.0', java.version: '17.0.10'
Driver info: org.openqa.selenium.chrome.ChromeDriver
Command: [89ed3113d0f72b081361f869457dabb5, clickElement {id=f.81A9C87FC15962A51D6D545FC80BD579.d.91177668E62542DB2C219D5B27013E21.e.151}]
Capabilities {acceptInsecureCerts: false, browserName: chrome, browserVersion: 122.0.6261.95, chrome: {chromedriverVersion: 122.0.6261.128 (f18a44fedeb..., userDataDir: C:\Windows\SystemTemp\scope...}, fedcm:accounts: true, goog:chromeOptions: {debuggerAddress: localhost:50879}, networkConnectionEnabled: false, pageLoadStrategy: normal, platformName: windows, proxy: Proxy(), se:cdp: ws://localhost:50879/devtoo..., se:cdpVersion: 122.0.6261.95, setWindowRect: true, strictFileInteractability: false, timeouts: {implicit: 0, pageLoad: 300000, script: 30000}, unhandledPromptBehavior: dismiss and notify, webauthn:extension:credBlob: true, webauthn:extension:largeBlob: true, webauthn:extension:minPinLength: true, webauthn:extension:prf: true, webauthn:virtualAuthenticators: true}
Element: [[ChromeDriver: chrome on windows (89ed3113d0f72b081361f869457dabb5)] -> xpath: //ul[@class='page-breadcrumb']//a[@href='#/Pharmacy/Supplier']]
Session ID: 89ed3113d0f72b081361f869457dabb5
at java.base/jdk.internal.reflect.NativeConstructorAccessorImpl.newInstance0(Native Method)
at java.base/jdk.internal.reflect.NativeConstructorAccessorImpl.newInstance(NativeConstructorAccessorImpl.java:77)
at java.base/jdk.internal.reflect.DelegatingConstructorAccessorImpl.newInstance(DelegatingConstructorAccessorImpl.java:45)
at java.base/java.lang.reflect.Constructor.newInstanceWithCaller(Constructor.java:499)
at java.base/java.lang.reflect.Constructor.newInstance(Constructor.java:480)
at org.openqa.selenium.remote.codec.w3c.W3CHttpResponseCodec.createException(W3CHttpResponseCodec.java:199)
at org.openqa.selenium.remote.codec.w3c.W3CHttpResponseCodec.decode(W3CHttpResponseCodec.java:132)
at org.openqa.selenium.remote.codec.w3c.W3CHttpResponseCodec.decode(W3CHttpResponseCodec.java:51)
at org.openqa.selenium.remote.HttpCommandExecutor.execute(HttpCommandExecutor.java:191)
at org.openqa.selenium.remote.service.DriverCommandExecutor.invokeExecute(DriverCommandExecutor.java:196)
at org.openqa.selenium.remote.service.DriverCommandExecutor.execute(DriverCommandExecutor.java:171)
at org.openqa.selenium.remote.RemoteWebDriver.execute(RemoteWebDriver.java:531)
at org.openqa.selenium.remote.RemoteWebElement.execute(RemoteWebElement.java:242)
at org.openqa.selenium.remote.RemoteWebElement.click(RemoteWebElement.java:77)
at coreUtilities.utils.CommonEvents.click(CommonEvents.java:926)
at pages.pharmacy_Pages.visitTabUnderPharmacy(pharmacy_Pages.java:262)
at testcases.pharmacy_testcase.verifyGoodReceiptRadioButtonsAreSelectable(pharmacy_testcase.java:313)
at java.base/jdk.internal.reflect.NativeMethodAccessorImpl.invoke0(Native Method)
at java.base/jdk.internal.reflect.NativeMethodAccessorImpl.invoke(NativeMethodAccessorImpl.java:77)
at java.base/jdk.internal.reflect.DelegatingMethodAccessorImpl.invoke(DelegatingMethodAccessorImpl.java:43)
at java.base/java.lang.reflect.Method.invoke(Method.java:568)
at org.testng.internal.invokers.MethodInvocationHelper.invokeMethod(MethodInvocationHelper.java:139)
at org.testng.internal.invokers.TestInvoker.invokeMethod(TestInvoker.java:664)
at org.testng.internal.invokers.TestInvoker.invokeTestMethod(TestInvoker.java:227)
at org.testng.internal.invokers.MethodRunner.runInSequence(MethodRunner.java:50)
at org.testng.internal.invokers.TestInvoker$MethodInvocationAgent.invoke(TestInvoker.java:957)
at org.testng.internal.invokers.TestInvoker.invokeTestMethods(TestInvoker.java:200)
at org.testng.internal.invokers.TestMethodWorker.invokeTestMethods(TestMethodWorker.java:148)
at org.testng.internal.invokers.TestMethodWorker.run(TestMethodWorker.java:128)
at java.base/java.util.concurrent.ThreadPoolExecutor.runWorker(ThreadPoolExecutor.java:1136)
at java.base/java.util.concurrent.ThreadPoolExecutor$Worker.run(ThreadPoolExecutor.java:635)
at java.base/java.lang.Thread.run(Thread.java:842)
]]>
            </full-stacktrace>
          </exception> <!-- org.openqa.selenium.ElementClickInterceptedException -->
          <reporter-output>
          </reporter-output>
        </test-method> <!-- verifyGoodReceiptRadioButtonsAreSelectable -->
        <test-method signature="cancelRecordAndVerifyCancellation()[pri:16, instance:testcases.pharmacy_testcase@3b9d6699]" started-at="2024-08-28T19:45:13 IST" name="cancelRecordAndVerifyCancellation" description="Pre-condition: User should be logged in and on the Pharmacy section.
Test Steps:
1. Search for a random invoice number.
2. Click on the &#039;Show Details&#039; button for the invoice.
3. Click on the &#039;View&#039; button for the invoice.
4. Click on the &#039;Cancel Goods Receipt&#039; button.
5. Enter remarks and click on &#039;Proceed&#039;.
6. Verify the cancellation message.
7. Click on the &#039;Close Modal&#039; button.
8. Click on the &#039;Cancelled&#039; radio button.
9. Click on the &#039;View&#039; button for the same invoice.
10. Verify the record status shows as &#039;Cancelled&#039;.
11. Click on the &#039;Close Modal&#039; button." finished-at="2024-08-28T19:45:17 IST" duration-ms="3996" status="FAIL">
          <exception class="org.openqa.selenium.ElementClickInterceptedException">
            <message>
              <![CDATA[element click intercepted: Element <button _ngcontent-c8="" class="btn blue" type="button" style="">...</button> is not clickable at point (1295, 223). Other element would receive the click: <div class="row">...</div>
  (Session info: chrome=122.0.6261.95)
Build info: version: '4.10.0', revision: 'c14d967899'
System info: os.name: 'Windows 10', os.arch: 'amd64', os.version: '10.0', java.version: '17.0.10'
Driver info: org.openqa.selenium.chrome.ChromeDriver
Command: [89ed3113d0f72b081361f869457dabb5, clickElement {id=f.81A9C87FC15962A51D6D545FC80BD579.d.91177668E62542DB2C219D5B27013E21.e.551}]
Capabilities {acceptInsecureCerts: false, browserName: chrome, browserVersion: 122.0.6261.95, chrome: {chromedriverVersion: 122.0.6261.128 (f18a44fedeb..., userDataDir: C:\Windows\SystemTemp\scope...}, fedcm:accounts: true, goog:chromeOptions: {debuggerAddress: localhost:50879}, networkConnectionEnabled: false, pageLoadStrategy: normal, platformName: windows, proxy: Proxy(), se:cdp: ws://localhost:50879/devtoo..., se:cdpVersion: 122.0.6261.95, setWindowRect: true, strictFileInteractability: false, timeouts: {implicit: 0, pageLoad: 300000, script: 30000}, unhandledPromptBehavior: dismiss and notify, webauthn:extension:credBlob: true, webauthn:extension:largeBlob: true, webauthn:extension:minPinLength: true, webauthn:extension:prf: true, webauthn:virtualAuthenticators: true}
Element: [[ChromeDriver: chrome on windows (89ed3113d0f72b081361f869457dabb5)] -> xpath: //button[contains(text(),'Show Details')]]
Session ID: 89ed3113d0f72b081361f869457dabb5]]>
            </message>
            <full-stacktrace>
              <![CDATA[org.openqa.selenium.ElementClickInterceptedException: element click intercepted: Element <button _ngcontent-c8="" class="btn blue" type="button" style="">...</button> is not clickable at point (1295, 223). Other element would receive the click: <div class="row">...</div>
  (Session info: chrome=122.0.6261.95)
Build info: version: '4.10.0', revision: 'c14d967899'
System info: os.name: 'Windows 10', os.arch: 'amd64', os.version: '10.0', java.version: '17.0.10'
Driver info: org.openqa.selenium.chrome.ChromeDriver
Command: [89ed3113d0f72b081361f869457dabb5, clickElement {id=f.81A9C87FC15962A51D6D545FC80BD579.d.91177668E62542DB2C219D5B27013E21.e.551}]
Capabilities {acceptInsecureCerts: false, browserName: chrome, browserVersion: 122.0.6261.95, chrome: {chromedriverVersion: 122.0.6261.128 (f18a44fedeb..., userDataDir: C:\Windows\SystemTemp\scope...}, fedcm:accounts: true, goog:chromeOptions: {debuggerAddress: localhost:50879}, networkConnectionEnabled: false, pageLoadStrategy: normal, platformName: windows, proxy: Proxy(), se:cdp: ws://localhost:50879/devtoo..., se:cdpVersion: 122.0.6261.95, setWindowRect: true, strictFileInteractability: false, timeouts: {implicit: 0, pageLoad: 300000, script: 30000}, unhandledPromptBehavior: dismiss and notify, webauthn:extension:credBlob: true, webauthn:extension:largeBlob: true, webauthn:extension:minPinLength: true, webauthn:extension:prf: true, webauthn:virtualAuthenticators: true}
Element: [[ChromeDriver: chrome on windows (89ed3113d0f72b081361f869457dabb5)] -> xpath: //button[contains(text(),'Show Details')]]
Session ID: 89ed3113d0f72b081361f869457dabb5
at java.base/jdk.internal.reflect.NativeConstructorAccessorImpl.newInstance0(Native Method)
at java.base/jdk.internal.reflect.NativeConstructorAccessorImpl.newInstance(NativeConstructorAccessorImpl.java:77)
at java.base/jdk.internal.reflect.DelegatingConstructorAccessorImpl.newInstance(DelegatingConstructorAccessorImpl.java:45)
at java.base/java.lang.reflect.Constructor.newInstanceWithCaller(Constructor.java:499)
at java.base/java.lang.reflect.Constructor.newInstance(Constructor.java:480)
at org.openqa.selenium.remote.codec.w3c.W3CHttpResponseCodec.createException(W3CHttpResponseCodec.java:199)
at org.openqa.selenium.remote.codec.w3c.W3CHttpResponseCodec.decode(W3CHttpResponseCodec.java:132)
at org.openqa.selenium.remote.codec.w3c.W3CHttpResponseCodec.decode(W3CHttpResponseCodec.java:51)
at org.openqa.selenium.remote.HttpCommandExecutor.execute(HttpCommandExecutor.java:191)
at org.openqa.selenium.remote.service.DriverCommandExecutor.invokeExecute(DriverCommandExecutor.java:196)
at org.openqa.selenium.remote.service.DriverCommandExecutor.execute(DriverCommandExecutor.java:171)
at org.openqa.selenium.remote.RemoteWebDriver.execute(RemoteWebDriver.java:531)
at org.openqa.selenium.remote.RemoteWebElement.execute(RemoteWebElement.java:242)
at org.openqa.selenium.remote.RemoteWebElement.click(RemoteWebElement.java:77)
at coreUtilities.utils.CommonEvents.click(CommonEvents.java:926)
at pages.pharmacy_Pages.highlightAndClickOnButton(pharmacy_Pages.java:891)
at testcases.pharmacy_testcase.cancelRecordAndVerifyCancellation(pharmacy_testcase.java:342)
at java.base/jdk.internal.reflect.NativeMethodAccessorImpl.invoke0(Native Method)
at java.base/jdk.internal.reflect.NativeMethodAccessorImpl.invoke(NativeMethodAccessorImpl.java:77)
at java.base/jdk.internal.reflect.DelegatingMethodAccessorImpl.invoke(DelegatingMethodAccessorImpl.java:43)
at java.base/java.lang.reflect.Method.invoke(Method.java:568)
at org.testng.internal.invokers.MethodInvocationHelper.invokeMethod(MethodInvocationHelper.java:139)
at org.testng.internal.invokers.TestInvoker.invokeMethod(TestInvoker.java:664)
at org.testng.internal.invokers.TestInvoker.invokeTestMethod(TestInvoker.java:227)
at org.testng.internal.invokers.MethodRunner.runInSequence(MethodRunner.java:50)
at org.testng.internal.invokers.TestInvoker$MethodInvocationAgent.invoke(TestInvoker.java:957)
at org.testng.internal.invokers.TestInvoker.invokeTestMethods(TestInvoker.java:200)
at org.testng.internal.invokers.TestMethodWorker.invokeTestMethods(TestMethodWorker.java:148)
at org.testng.internal.invokers.TestMethodWorker.run(TestMethodWorker.java:128)
at java.base/java.util.concurrent.ThreadPoolExecutor.runWorker(ThreadPoolExecutor.java:1136)
at java.base/java.util.concurrent.ThreadPoolExecutor$Worker.run(ThreadPoolExecutor.java:635)
at java.base/java.lang.Thread.run(Thread.java:842)
]]>
            </full-stacktrace>
          </exception> <!-- org.openqa.selenium.ElementClickInterceptedException -->
          <reporter-output>
          </reporter-output>
        </test-method> <!-- cancelRecordAndVerifyCancellation -->
        <test-method signature="verifyPurchaseOrderDataAfterApplyingDateFilter()[pri:17, instance:testcases.pharmacy_testcase@3b9d6699]" started-at="2024-08-28T19:45:20 IST" name="verifyPurchaseOrderDataAfterApplyingDateFilter" description="Verify to search the data by apply the date filter 
Click on purchase order
Click on the &quot;From&quot; date
Select the &quot;From&quot; date
Click on the &quot;To&quot; date
Select &quot;To&quot; date
Click on &quot;OK&quot; button" finished-at="2024-08-28T19:45:21 IST" duration-ms="1614" status="FAIL">
          <exception class="org.openqa.selenium.ElementClickInterceptedException">
            <message>
              <![CDATA[element click intercepted: Element <a _ngcontent-c3="" href="#/Pharmacy/Order" style="" class="link3-active">...</a> is not clickable at point (272, 80). Other element would receive the click: <div class="row">...</div>
  (Session info: chrome=122.0.6261.95)
Build info: version: '4.10.0', revision: 'c14d967899'
System info: os.name: 'Windows 10', os.arch: 'amd64', os.version: '10.0', java.version: '17.0.10'
Driver info: org.openqa.selenium.chrome.ChromeDriver
Command: [89ed3113d0f72b081361f869457dabb5, clickElement {id=f.81A9C87FC15962A51D6D545FC80BD579.d.91177668E62542DB2C219D5B27013E21.e.129}]
Capabilities {acceptInsecureCerts: false, browserName: chrome, browserVersion: 122.0.6261.95, chrome: {chromedriverVersion: 122.0.6261.128 (f18a44fedeb..., userDataDir: C:\Windows\SystemTemp\scope...}, fedcm:accounts: true, goog:chromeOptions: {debuggerAddress: localhost:50879}, networkConnectionEnabled: false, pageLoadStrategy: normal, platformName: windows, proxy: Proxy(), se:cdp: ws://localhost:50879/devtoo..., se:cdpVersion: 122.0.6261.95, setWindowRect: true, strictFileInteractability: false, timeouts: {implicit: 0, pageLoad: 300000, script: 30000}, unhandledPromptBehavior: dismiss and notify, webauthn:extension:credBlob: true, webauthn:extension:largeBlob: true, webauthn:extension:minPinLength: true, webauthn:extension:prf: true, webauthn:virtualAuthenticators: true}
Element: [[ChromeDriver: chrome on windows (89ed3113d0f72b081361f869457dabb5)] -> xpath: //ul[@class='page-breadcrumb']//a[@href='#/Pharmacy/Order']]
Session ID: 89ed3113d0f72b081361f869457dabb5]]>
            </message>
            <full-stacktrace>
              <![CDATA[org.openqa.selenium.ElementClickInterceptedException: element click intercepted: Element <a _ngcontent-c3="" href="#/Pharmacy/Order" style="" class="link3-active">...</a> is not clickable at point (272, 80). Other element would receive the click: <div class="row">...</div>
  (Session info: chrome=122.0.6261.95)
Build info: version: '4.10.0', revision: 'c14d967899'
System info: os.name: 'Windows 10', os.arch: 'amd64', os.version: '10.0', java.version: '17.0.10'
Driver info: org.openqa.selenium.chrome.ChromeDriver
Command: [89ed3113d0f72b081361f869457dabb5, clickElement {id=f.81A9C87FC15962A51D6D545FC80BD579.d.91177668E62542DB2C219D5B27013E21.e.129}]
Capabilities {acceptInsecureCerts: false, browserName: chrome, browserVersion: 122.0.6261.95, chrome: {chromedriverVersion: 122.0.6261.128 (f18a44fedeb..., userDataDir: C:\Windows\SystemTemp\scope...}, fedcm:accounts: true, goog:chromeOptions: {debuggerAddress: localhost:50879}, networkConnectionEnabled: false, pageLoadStrategy: normal, platformName: windows, proxy: Proxy(), se:cdp: ws://localhost:50879/devtoo..., se:cdpVersion: 122.0.6261.95, setWindowRect: true, strictFileInteractability: false, timeouts: {implicit: 0, pageLoad: 300000, script: 30000}, unhandledPromptBehavior: dismiss and notify, webauthn:extension:credBlob: true, webauthn:extension:largeBlob: true, webauthn:extension:minPinLength: true, webauthn:extension:prf: true, webauthn:virtualAuthenticators: true}
Element: [[ChromeDriver: chrome on windows (89ed3113d0f72b081361f869457dabb5)] -> xpath: //ul[@class='page-breadcrumb']//a[@href='#/Pharmacy/Order']]
Session ID: 89ed3113d0f72b081361f869457dabb5
at java.base/jdk.internal.reflect.NativeConstructorAccessorImpl.newInstance0(Native Method)
at java.base/jdk.internal.reflect.NativeConstructorAccessorImpl.newInstance(NativeConstructorAccessorImpl.java:77)
at java.base/jdk.internal.reflect.DelegatingConstructorAccessorImpl.newInstance(DelegatingConstructorAccessorImpl.java:45)
at java.base/java.lang.reflect.Constructor.newInstanceWithCaller(Constructor.java:499)
at java.base/java.lang.reflect.Constructor.newInstance(Constructor.java:480)
at org.openqa.selenium.remote.codec.w3c.W3CHttpResponseCodec.createException(W3CHttpResponseCodec.java:199)
at org.openqa.selenium.remote.codec.w3c.W3CHttpResponseCodec.decode(W3CHttpResponseCodec.java:132)
at org.openqa.selenium.remote.codec.w3c.W3CHttpResponseCodec.decode(W3CHttpResponseCodec.java:51)
at org.openqa.selenium.remote.HttpCommandExecutor.execute(HttpCommandExecutor.java:191)
at org.openqa.selenium.remote.service.DriverCommandExecutor.invokeExecute(DriverCommandExecutor.java:196)
at org.openqa.selenium.remote.service.DriverCommandExecutor.execute(DriverCommandExecutor.java:171)
at org.openqa.selenium.remote.RemoteWebDriver.execute(RemoteWebDriver.java:531)
at org.openqa.selenium.remote.RemoteWebElement.execute(RemoteWebElement.java:242)
at org.openqa.selenium.remote.RemoteWebElement.click(RemoteWebElement.java:77)
at coreUtilities.utils.CommonEvents.click(CommonEvents.java:926)
at pages.pharmacy_Pages.visitTabUnderPharmacy(pharmacy_Pages.java:262)
at testcases.pharmacy_testcase.verifyPurchaseOrderDataAfterApplyingDateFilter(pharmacy_testcase.java:369)
at java.base/jdk.internal.reflect.NativeMethodAccessorImpl.invoke0(Native Method)
at java.base/jdk.internal.reflect.NativeMethodAccessorImpl.invoke(NativeMethodAccessorImpl.java:77)
at java.base/jdk.internal.reflect.DelegatingMethodAccessorImpl.invoke(DelegatingMethodAccessorImpl.java:43)
at java.base/java.lang.reflect.Method.invoke(Method.java:568)
at org.testng.internal.invokers.MethodInvocationHelper.invokeMethod(MethodInvocationHelper.java:139)
at org.testng.internal.invokers.TestInvoker.invokeMethod(TestInvoker.java:664)
at org.testng.internal.invokers.TestInvoker.invokeTestMethod(TestInvoker.java:227)
at org.testng.internal.invokers.MethodRunner.runInSequence(MethodRunner.java:50)
at org.testng.internal.invokers.TestInvoker$MethodInvocationAgent.invoke(TestInvoker.java:957)
at org.testng.internal.invokers.TestInvoker.invokeTestMethods(TestInvoker.java:200)
at org.testng.internal.invokers.TestMethodWorker.invokeTestMethods(TestMethodWorker.java:148)
at org.testng.internal.invokers.TestMethodWorker.run(TestMethodWorker.java:128)
at java.base/java.util.concurrent.ThreadPoolExecutor.runWorker(ThreadPoolExecutor.java:1136)
at java.base/java.util.concurrent.ThreadPoolExecutor$Worker.run(ThreadPoolExecutor.java:635)
at java.base/java.lang.Thread.run(Thread.java:842)
]]>
            </full-stacktrace>
          </exception> <!-- org.openqa.selenium.ElementClickInterceptedException -->
          <reporter-output>
          </reporter-output>
        </test-method> <!-- verifyPurchaseOrderDataAfterApplyingDateFilter -->
        <test-method signature="exportGoodsReceiptData()[pri:18, instance:testcases.pharmacy_testcase@3b9d6699]" started-at="2024-08-28T19:45:24 IST" name="exportGoodsReceiptData" description="Verify to export the order section data
Click on order section 
Click on &quot;Export&quot; button" finished-at="2024-08-28T19:45:25 IST" duration-ms="1112" status="FAIL">
          <exception class="org.openqa.selenium.ElementClickInterceptedException">
            <message>
              <![CDATA[element click intercepted: Element <a _ngcontent-c3="" href="#/Pharmacy/Order" style="" class="link3-active">...</a> is not clickable at point (272, 80). Other element would receive the click: <div class="row">...</div>
  (Session info: chrome=122.0.6261.95)
Build info: version: '4.10.0', revision: 'c14d967899'
System info: os.name: 'Windows 10', os.arch: 'amd64', os.version: '10.0', java.version: '17.0.10'
Driver info: org.openqa.selenium.chrome.ChromeDriver
Command: [89ed3113d0f72b081361f869457dabb5, clickElement {id=f.81A9C87FC15962A51D6D545FC80BD579.d.91177668E62542DB2C219D5B27013E21.e.129}]
Capabilities {acceptInsecureCerts: false, browserName: chrome, browserVersion: 122.0.6261.95, chrome: {chromedriverVersion: 122.0.6261.128 (f18a44fedeb..., userDataDir: C:\Windows\SystemTemp\scope...}, fedcm:accounts: true, goog:chromeOptions: {debuggerAddress: localhost:50879}, networkConnectionEnabled: false, pageLoadStrategy: normal, platformName: windows, proxy: Proxy(), se:cdp: ws://localhost:50879/devtoo..., se:cdpVersion: 122.0.6261.95, setWindowRect: true, strictFileInteractability: false, timeouts: {implicit: 0, pageLoad: 300000, script: 30000}, unhandledPromptBehavior: dismiss and notify, webauthn:extension:credBlob: true, webauthn:extension:largeBlob: true, webauthn:extension:minPinLength: true, webauthn:extension:prf: true, webauthn:virtualAuthenticators: true}
Element: [[ChromeDriver: chrome on windows (89ed3113d0f72b081361f869457dabb5)] -> xpath: //ul[@class='page-breadcrumb']//a[@href='#/Pharmacy/Order']]
Session ID: 89ed3113d0f72b081361f869457dabb5]]>
            </message>
            <full-stacktrace>
              <![CDATA[org.openqa.selenium.ElementClickInterceptedException: element click intercepted: Element <a _ngcontent-c3="" href="#/Pharmacy/Order" style="" class="link3-active">...</a> is not clickable at point (272, 80). Other element would receive the click: <div class="row">...</div>
  (Session info: chrome=122.0.6261.95)
Build info: version: '4.10.0', revision: 'c14d967899'
System info: os.name: 'Windows 10', os.arch: 'amd64', os.version: '10.0', java.version: '17.0.10'
Driver info: org.openqa.selenium.chrome.ChromeDriver
Command: [89ed3113d0f72b081361f869457dabb5, clickElement {id=f.81A9C87FC15962A51D6D545FC80BD579.d.91177668E62542DB2C219D5B27013E21.e.129}]
Capabilities {acceptInsecureCerts: false, browserName: chrome, browserVersion: 122.0.6261.95, chrome: {chromedriverVersion: 122.0.6261.128 (f18a44fedeb..., userDataDir: C:\Windows\SystemTemp\scope...}, fedcm:accounts: true, goog:chromeOptions: {debuggerAddress: localhost:50879}, networkConnectionEnabled: false, pageLoadStrategy: normal, platformName: windows, proxy: Proxy(), se:cdp: ws://localhost:50879/devtoo..., se:cdpVersion: 122.0.6261.95, setWindowRect: true, strictFileInteractability: false, timeouts: {implicit: 0, pageLoad: 300000, script: 30000}, unhandledPromptBehavior: dismiss and notify, webauthn:extension:credBlob: true, webauthn:extension:largeBlob: true, webauthn:extension:minPinLength: true, webauthn:extension:prf: true, webauthn:virtualAuthenticators: true}
Element: [[ChromeDriver: chrome on windows (89ed3113d0f72b081361f869457dabb5)] -> xpath: //ul[@class='page-breadcrumb']//a[@href='#/Pharmacy/Order']]
Session ID: 89ed3113d0f72b081361f869457dabb5
at java.base/jdk.internal.reflect.NativeConstructorAccessorImpl.newInstance0(Native Method)
at java.base/jdk.internal.reflect.NativeConstructorAccessorImpl.newInstance(NativeConstructorAccessorImpl.java:77)
at java.base/jdk.internal.reflect.DelegatingConstructorAccessorImpl.newInstance(DelegatingConstructorAccessorImpl.java:45)
at java.base/java.lang.reflect.Constructor.newInstanceWithCaller(Constructor.java:499)
at java.base/java.lang.reflect.Constructor.newInstance(Constructor.java:480)
at org.openqa.selenium.remote.codec.w3c.W3CHttpResponseCodec.createException(W3CHttpResponseCodec.java:199)
at org.openqa.selenium.remote.codec.w3c.W3CHttpResponseCodec.decode(W3CHttpResponseCodec.java:132)
at org.openqa.selenium.remote.codec.w3c.W3CHttpResponseCodec.decode(W3CHttpResponseCodec.java:51)
at org.openqa.selenium.remote.HttpCommandExecutor.execute(HttpCommandExecutor.java:191)
at org.openqa.selenium.remote.service.DriverCommandExecutor.invokeExecute(DriverCommandExecutor.java:196)
at org.openqa.selenium.remote.service.DriverCommandExecutor.execute(DriverCommandExecutor.java:171)
at org.openqa.selenium.remote.RemoteWebDriver.execute(RemoteWebDriver.java:531)
at org.openqa.selenium.remote.RemoteWebElement.execute(RemoteWebElement.java:242)
at org.openqa.selenium.remote.RemoteWebElement.click(RemoteWebElement.java:77)
at coreUtilities.utils.CommonEvents.click(CommonEvents.java:915)
at pages.pharmacy_Pages.verifyFileDownloaded(pharmacy_Pages.java:1253)
at testcases.pharmacy_testcase.exportGoodsReceiptData(pharmacy_testcase.java:386)
at java.base/jdk.internal.reflect.NativeMethodAccessorImpl.invoke0(Native Method)
at java.base/jdk.internal.reflect.NativeMethodAccessorImpl.invoke(NativeMethodAccessorImpl.java:77)
at java.base/jdk.internal.reflect.DelegatingMethodAccessorImpl.invoke(DelegatingMethodAccessorImpl.java:43)
at java.base/java.lang.reflect.Method.invoke(Method.java:568)
at org.testng.internal.invokers.MethodInvocationHelper.invokeMethod(MethodInvocationHelper.java:139)
at org.testng.internal.invokers.TestInvoker.invokeMethod(TestInvoker.java:664)
at org.testng.internal.invokers.TestInvoker.invokeTestMethod(TestInvoker.java:227)
at org.testng.internal.invokers.MethodRunner.runInSequence(MethodRunner.java:50)
at org.testng.internal.invokers.TestInvoker$MethodInvocationAgent.invoke(TestInvoker.java:957)
at org.testng.internal.invokers.TestInvoker.invokeTestMethods(TestInvoker.java:200)
at org.testng.internal.invokers.TestMethodWorker.invokeTestMethods(TestMethodWorker.java:148)
at org.testng.internal.invokers.TestMethodWorker.run(TestMethodWorker.java:128)
at java.base/java.util.concurrent.ThreadPoolExecutor.runWorker(ThreadPoolExecutor.java:1136)
at java.base/java.util.concurrent.ThreadPoolExecutor$Worker.run(ThreadPoolExecutor.java:635)
at java.base/java.lang.Thread.run(Thread.java:842)
]]>
            </full-stacktrace>
          </exception> <!-- org.openqa.selenium.ElementClickInterceptedException -->
          <reporter-output>
          </reporter-output>
        </test-method> <!-- exportGoodsReceiptData -->
        <test-method signature="verifyRegisterPatientWithPhoto()[pri:19, instance:testcases.pharmacy_testcase@3b9d6699]" started-at="2024-08-28T19:45:28 IST" name="verifyRegisterPatientWithPhoto" description="Precondition: User should be logged in and should be on the &#039;Patient&#039; section.
1. Click on the &#039;Register patient&#039; button.
2. Click on the camera icon.
3. Click on the &#039;New photo&#039; option.
4. Click on the &#039;Choose from files&#039; button.
5. Select the desired file from the file picker.
6. Click on the &#039;Done&#039; button to complete the photo selection." finished-at="2024-08-28T19:45:38 IST" duration-ms="9226" status="PASS">
          <reporter-output>
          </reporter-output>
        </test-method> <!-- verifyRegisterPatientWithPhoto -->
        <test-method signature="verifyUploadedImageIsPresent()[pri:20, instance:testcases.pharmacy_testcase@3b9d6699]" started-at="2024-08-28T19:45:46 IST" name="verifyUploadedImageIsPresent" description="Verify uploaded image is present" finished-at="2024-08-28T19:45:47 IST" duration-ms="238" status="PASS">
          <reporter-output>
          </reporter-output>
        </test-method> <!-- verifyUploadedImageIsPresent -->
        <test-method signature="verifyUserIsOnTheSamePageAfterRefresh()[pri:21, instance:testcases.pharmacy_testcase@3b9d6699]" started-at="2024-08-28T19:46:47 IST" name="verifyUserIsOnTheSamePageAfterRefresh" description="Pre-condition: User should be logged in and is on the Pharmacy section.
1. Click on the &#039;Order&#039; section.
2. Click on the browser refresh button to reload the page." finished-at="2024-08-28T19:46:48 IST" duration-ms="487" status="PASS">
          <reporter-output>
          </reporter-output>
        </test-method> <!-- verifyUserIsOnTheSamePageAfterRefresh -->
        <test-method is-config="true" signature="tearDown()[pri:0, instance:testcases.pharmacy_testcase@3b9d6699]" started-at="2024-08-28T19:46:52 IST" name="tearDown" finished-at="2024-08-28T19:46:52 IST" duration-ms="250" status="PASS">
          <reporter-output>
          </reporter-output>
        </test-method> <!-- tearDown -->
      </class> <!-- testcases.pharmacy_testcase -->
    </test> <!-- Test -->
  </suite> <!-- Suite -->
</testng-results>
